Release 14.7 - xst P.20131013 (nt)
Copyright (c) 1995-2013 Xilinx, Inc.  All rights reserved.
--> Parameter TMPDIR set to xst/projnav.tmp


Total REAL time to Xst completion: 0.00 secs
Total CPU time to Xst completion: 0.07 secs
 
--> Parameter xsthdpdir set to xst


Total REAL time to Xst completion: 0.00 secs
Total CPU time to Xst completion: 0.07 secs
 
--> Reading design: trafficLight.prj

TABLE OF CONTENTS
  1) Synthesis Options Summary
  2) HDL Compilation
  3) Design Hierarchy Analysis
  4) HDL Analysis
  5) HDL Synthesis
     5.1) HDL Synthesis Report
  6) Advanced HDL Synthesis
     6.1) Advanced HDL Synthesis Report
  7) Low Level Synthesis
  8) Partition Report
  9) Final Report
	9.1) Device utilization summary
	9.2) Partition Resource Summary
	9.3) TIMING REPORT


=========================================================================
*                      Synthesis Options Summary                        *
=========================================================================
---- Source Parameters
Input File Name                    : "trafficLight.prj"
Input Format                       : mixed
Ignore Synthesis Constraint File   : NO

---- Target Parameters
Output File Name                   : "trafficLight"
Output Format                      : NGC
Target Device                      : xc3s100e-5-cp132

---- Source Options
Top Module Name                    : trafficLight
Automatic FSM Extraction           : YES
FSM Encoding Algorithm             : Auto
Safe Implementation                : No
FSM Style                          : LUT
RAM Extraction                     : Yes
RAM Style                          : Auto
ROM Extraction                     : Yes
Mux Style                          : Auto
Decoder Extraction                 : YES
Priority Encoder Extraction        : Yes
Shift Register Extraction          : YES
Logical Shifter Extraction         : YES
XOR Collapsing                     : YES
ROM Style                          : Auto
Mux Extraction                     : Yes
Resource Sharing                   : YES
Asynchronous To Synchronous        : NO
Multiplier Style                   : Auto
Automatic Register Balancing       : No

---- Target Options
Add IO Buffers                     : YES
Global Maximum Fanout              : 100000
Add Generic Clock Buffer(BUFG)     : 24
Register Duplication               : YES
Slice Packing                      : YES
Optimize Instantiated Primitives   : NO
Use Clock Enable                   : Yes
Use Synchronous Set                : Yes
Use Synchronous Reset              : Yes
Pack IO Registers into IOBs        : Auto
Equivalent register Removal        : YES

---- General Options
Optimization Goal                  : Speed
Optimization Effort                : 1
Keep Hierarchy                     : No
Netlist Hierarchy                  : As_Optimized
RTL Output                         : Yes
Global Optimization                : AllClockNets
Read Cores                         : YES
Write Timing Constraints           : NO
Cross Clock Analysis               : NO
Hierarchy Separator                : /
Bus Delimiter                      : <>
Case Specifier                     : Maintain
Slice Utilization Ratio            : 100
BRAM Utilization Ratio             : 100
Verilog 2001                       : YES
Auto BRAM Packing                  : NO
Slice Utilization Ratio Delta      : 5

=========================================================================


=========================================================================
*                          HDL Compilation                              *
=========================================================================
Compiling verilog file "TrafficLight.v" in library work
Module <trafficLight> compiled
Module <flopr> compiled
Module <comparatorgen_st> compiled
Module <fulladder_st> compiled
Module <addergen_st> compiled
Module <adder> compiled
Module <timer_st> compiled
Module <bcd_to_7led_bh> compiled
Module <disp_mux_bh> compiled
No errors in compilation
Analysis of file <"trafficLight.prj"> succeeded.
 

=========================================================================
*                     Design Hierarchy Analysis                         *
=========================================================================
Analyzing hierarchy for module <trafficLight> in library <work> with parameters.
	L1 = "00"
	L2 = "01"
	NBITS = "00000000000000000000000000100000"
	WALK = "10"

Analyzing hierarchy for module <timer_st> in library <work> with parameters.
	NBITS = "00000000000000000000000000100000"

Analyzing hierarchy for module <disp_mux_bh> in library <work>.

Analyzing hierarchy for module <bcd_to_7led_bh> in library <work>.

Analyzing hierarchy for module <adder> in library <work> with parameters.
	NBITS = "00000000000000000000000000100000"

Analyzing hierarchy for module <flopr> in library <work> with parameters.
	NBITS = "00000000000000000000000000100000"

Analyzing hierarchy for module <addergen_st> in library <work> with parameters.
	NBITS = "00000000000000000000000000100000"

Analyzing hierarchy for module <comparatorgen_st> in library <work> with parameters.
	NBITS = "00000000000000000000000000100000"

Analyzing hierarchy for module <fulladder_st> in library <work>.


=========================================================================
*                            HDL Analysis                               *
=========================================================================
Analyzing top module <trafficLight>.
	L1 = 2'b00
	L2 = 2'b01
	NBITS = 32'sb00000000000000000000000000100000
	WALK = 2'b10
WARNING:Xst:905 - "TrafficLight.v" line 76: One or more signals are missing in the sensitivity list of always block. To enable synthesis of FPGA/CPLD hardware, XST will assume that all necessary signals are present in the sensitivity list. Please note that the result of the synthesis may differ from the initial design specification. The missing signals are:
   <b>, <timer>, <timer2>
Module <trafficLight> is correct for synthesis.
 
Analyzing module <timer_st> in library <work>.
	NBITS = 32'sb00000000000000000000000000100000
Module <timer_st> is correct for synthesis.
 
Analyzing module <adder> in library <work>.
	NBITS = 32'sb00000000000000000000000000100000
Module <adder> is correct for synthesis.
 
Analyzing module <addergen_st> in library <work>.
	NBITS = 32'sb00000000000000000000000000100000
Module <addergen_st> is correct for synthesis.
 
Analyzing module <fulladder_st> in library <work>.
Module <fulladder_st> is correct for synthesis.
 
Analyzing module <comparatorgen_st> in library <work>.
	NBITS = 32'sb00000000000000000000000000100000
Module <comparatorgen_st> is correct for synthesis.
 
Analyzing module <flopr> in library <work>.
	NBITS = 32'sb00000000000000000000000000100000
Module <flopr> is correct for synthesis.
 
Analyzing module <disp_mux_bh> in library <work>.
Module <disp_mux_bh> is correct for synthesis.
 
Analyzing module <bcd_to_7led_bh> in library <work>.
Module <bcd_to_7led_bh> is correct for synthesis.
 

=========================================================================
*                           HDL Synthesis                               *
=========================================================================

Performing bidirectional port resolution...
INFO:Xst:2679 - Register <sw0> in unit <trafficLight> has a constant value of 0 during circuit operation. The register is replaced by logic.
INFO:Xst:2679 - Register <sw1> in unit <trafficLight> has a constant value of 0 during circuit operation. The register is replaced by logic.
INFO:Xst:2679 - Register <sw2> in unit <trafficLight> has a constant value of 0 during circuit operation. The register is replaced by logic.
INFO:Xst:2679 - Register <sw3> in unit <trafficLight> has a constant value of 0 during circuit operation. The register is replaced by logic.

Synthesizing Unit <disp_mux_bh>.
    Related source file is "TrafficLight.v".
    Found 1-of-4 decoder for signal <an>.
    Found 8-bit 4-to-1 multiplexer for signal <sseg>.
    Found 17-bit up counter for signal <r_qreg>.
    Summary:
	inferred   1 Counter(s).
	inferred   8 Multiplexer(s).
	inferred   1 Decoder(s).
Unit <disp_mux_bh> synthesized.


Synthesizing Unit <bcd_to_7led_bh>.
    Related source file is "TrafficLight.v".
Unit <bcd_to_7led_bh> synthesized.


Synthesizing Unit <flopr>.
    Related source file is "TrafficLight.v".
    Found 32-bit register for signal <iq>.
    Summary:
	inferred  32 D-type flip-flop(s).
Unit <flopr> synthesized.


Synthesizing Unit <comparatorgen_st>.
    Related source file is "TrafficLight.v".
    Found 32-bit xor2 for signal <iresult>.
Unit <comparatorgen_st> synthesized.


Synthesizing Unit <fulladder_st>.
    Related source file is "TrafficLight.v".
    Found 1-bit xor3 for signal <r>.
    Summary:
	inferred   1 Xor(s).
Unit <fulladder_st> synthesized.


Synthesizing Unit <addergen_st>.
    Related source file is "TrafficLight.v".
Unit <addergen_st> synthesized.


Synthesizing Unit <adder>.
    Related source file is "TrafficLight.v".
Unit <adder> synthesized.


Synthesizing Unit <timer_st>.
    Related source file is "TrafficLight.v".
Unit <timer_st> synthesized.


Synthesizing Unit <trafficLight>.
    Related source file is "TrafficLight.v".
INFO:Xst:2117 - HDL ADVISOR - Mux Selector <current_state> of Case statement line 80 was re-encoded using one-hot encoding. The case statement will be optimized (default statement optimization), but this optimization may lead to design initialization problems. To ensure the design works safely, you can:
   	- add an 'INIT' attribute on signal <current_state> (optimization is then done without any risk)
   	- use the attribute 'signal_encoding user' to avoid onehot optimization
   	- use the attribute 'safe_implementation yes' to force XST to perform a safe (but less efficient) optimization
    Using one-hot encoding for signal <current_state>.
INFO:Xst:2117 - HDL ADVISOR - Mux Selector <current_state> of Case statement line 80 was re-encoded using one-hot encoding. The case statement will be optimized (default statement optimization), but this optimization may lead to design initialization problems. To ensure the design works safely, you can:
   	- add an 'INIT' attribute on signal <current_state> (optimization is then done without any risk)
   	- use the attribute 'signal_encoding user' to avoid onehot optimization
   	- use the attribute 'safe_implementation yes' to force XST to perform a safe (but less efficient) optimization
INFO:Xst:2117 - HDL ADVISOR - Mux Selector <current_state> of Case statement line 80 was re-encoded using one-hot encoding. The case statement will be optimized (default statement optimization), but this optimization may lead to design initialization problems. To ensure the design works safely, you can:
   	- add an 'INIT' attribute on signal <current_state> (optimization is then done without any risk)
   	- use the attribute 'signal_encoding user' to avoid onehot optimization
   	- use the attribute 'safe_implementation yes' to force XST to perform a safe (but less efficient) optimization
INFO:Xst:2117 - HDL ADVISOR - Mux Selector <current_state> of Case statement line 80 was re-encoded using one-hot encoding. The case statement will be optimized (default statement optimization), but this optimization may lead to design initialization problems. To ensure the design works safely, you can:
   	- add an 'INIT' attribute on signal <current_state> (optimization is then done without any risk)
   	- use the attribute 'signal_encoding user' to avoid onehot optimization
   	- use the attribute 'safe_implementation yes' to force XST to perform a safe (but less efficient) optimization
INFO:Xst:2117 - HDL ADVISOR - Mux Selector <current_state> of Case statement line 80 was re-encoded using one-hot encoding. The case statement will be optimized (default statement optimization), but this optimization may lead to design initialization problems. To ensure the design works safely, you can:
   	- add an 'INIT' attribute on signal <current_state> (optimization is then done without any risk)
   	- use the attribute 'signal_encoding user' to avoid onehot optimization
   	- use the attribute 'safe_implementation yes' to force XST to perform a safe (but less efficient) optimization
INFO:Xst:2117 - HDL ADVISOR - Mux Selector <current_state> of Case statement line 80 was re-encoded using one-hot encoding. The case statement will be optimized (default statement optimization), but this optimization may lead to design initialization problems. To ensure the design works safely, you can:
   	- add an 'INIT' attribute on signal <current_state> (optimization is then done without any risk)
   	- use the attribute 'signal_encoding user' to avoid onehot optimization
   	- use the attribute 'safe_implementation yes' to force XST to perform a safe (but less efficient) optimization
INFO:Xst:2117 - HDL ADVISOR - Mux Selector <current_state> of Case statement line 80 was re-encoded using one-hot encoding. The case statement will be optimized (default statement optimization), but this optimization may lead to design initialization problems. To ensure the design works safely, you can:
   	- add an 'INIT' attribute on signal <current_state> (optimization is then done without any risk)
   	- use the attribute 'signal_encoding user' to avoid onehot optimization
   	- use the attribute 'safe_implementation yes' to force XST to perform a safe (but less efficient) optimization
INFO:Xst:2117 - HDL ADVISOR - Mux Selector <current_state> of Case statement line 80 was re-encoded using one-hot encoding. The case statement will be optimized (default statement optimization), but this optimization may lead to design initialization problems. To ensure the design works safely, you can:
   	- add an 'INIT' attribute on signal <current_state> (optimization is then done without any risk)
   	- use the attribute 'signal_encoding user' to avoid onehot optimization
   	- use the attribute 'safe_implementation yes' to force XST to perform a safe (but less efficient) optimization
INFO:Xst:2117 - HDL ADVISOR - Mux Selector <current_state> of Case statement line 80 was re-encoded using one-hot encoding. The case statement will be optimized (default statement optimization), but this optimization may lead to design initialization problems. To ensure the design works safely, you can:
   	- add an 'INIT' attribute on signal <current_state> (optimization is then done without any risk)
   	- use the attribute 'signal_encoding user' to avoid onehot optimization
   	- use the attribute 'safe_implementation yes' to force XST to perform a safe (but less efficient) optimization
    Found 3-bit register for signal <current_state>.
    Summary:
	inferred   3 D-type flip-flop(s).
Unit <trafficLight> synthesized.


=========================================================================
HDL Synthesis Report

Macro Statistics
# Counters                                             : 1
 17-bit up counter                                     : 1
# Registers                                            : 3
 3-bit register                                        : 1
 32-bit register                                       : 2
# Multiplexers                                         : 1
 8-bit 4-to-1 multiplexer                              : 1
# Decoders                                             : 1
 1-of-4 decoder                                        : 1
# Xors                                                 : 128
 1-bit xor2                                            : 64
 1-bit xor3                                            : 64

=========================================================================

=========================================================================
*                       Advanced HDL Synthesis                          *
=========================================================================


=========================================================================
Advanced HDL Synthesis Report

Macro Statistics
# Counters                                             : 1
 17-bit up counter                                     : 1
# Registers                                            : 67
 Flip-Flops                                            : 67
# Multiplexers                                         : 1
 8-bit 4-to-1 multiplexer                              : 1
# Decoders                                             : 1
 1-of-4 decoder                                        : 1
# Xors                                                 : 128
 1-bit xor2                                            : 64
 1-bit xor3                                            : 64

=========================================================================

=========================================================================
*                         Low Level Synthesis                           *
=========================================================================
WARNING:Xst:1989 - Unit <trafficLight>: instances <c2>, <c3> of unit <bcd_to_7led_bh> are equivalent, second instance is removed
WARNING:Xst:1989 - Unit <trafficLight>: instances <c2>, <c4> of unit <bcd_to_7led_bh> are equivalent, second instance is removed
WARNING:Xst:2677 - Node <c5/r_qreg_2> of sequential type is unconnected in block <trafficLight>.
WARNING:Xst:2677 - Node <c5/r_qreg_3> of sequential type is unconnected in block <trafficLight>.
WARNING:Xst:2677 - Node <c5/r_qreg_4> of sequential type is unconnected in block <trafficLight>.
WARNING:Xst:2677 - Node <c5/r_qreg_5> of sequential type is unconnected in block <trafficLight>.
WARNING:Xst:2677 - Node <c5/r_qreg_6> of sequential type is unconnected in block <trafficLight>.
WARNING:Xst:2677 - Node <c5/r_qreg_7> of sequential type is unconnected in block <trafficLight>.
WARNING:Xst:2677 - Node <c5/r_qreg_8> of sequential type is unconnected in block <trafficLight>.
WARNING:Xst:2677 - Node <c5/r_qreg_9> of sequential type is unconnected in block <trafficLight>.
WARNING:Xst:2677 - Node <c5/r_qreg_10> of sequential type is unconnected in block <trafficLight>.
WARNING:Xst:2677 - Node <c5/r_qreg_11> of sequential type is unconnected in block <trafficLight>.
WARNING:Xst:2677 - Node <c5/r_qreg_12> of sequential type is unconnected in block <trafficLight>.
WARNING:Xst:2677 - Node <c5/r_qreg_13> of sequential type is unconnected in block <trafficLight>.
WARNING:Xst:2677 - Node <c5/r_qreg_14> of sequential type is unconnected in block <trafficLight>.
WARNING:Xst:2677 - Node <c5/r_qreg_15> of sequential type is unconnected in block <trafficLight>.
WARNING:Xst:2677 - Node <c5/r_qreg_16> of sequential type is unconnected in block <trafficLight>.
WARNING:Xst:2170 - Unit trafficLight : the following signal(s) form a combinatorial loop: _old_Breg_1.

Optimizing unit <trafficLight> ...

Optimizing unit <flopr> ...

Optimizing unit <addergen_st> ...

Optimizing unit <adder> ...

Mapping all equations...
Building and optimizing final netlist ...
Found area constraint ratio of 100 (+ 5) on block trafficLight, actual ratio is 9.

Final Macro Processing ...

=========================================================================
Final Register Report

Macro Statistics
# Registers                                            : 69
 Flip-Flops                                            : 69

=========================================================================

=========================================================================
*                           Partition Report                            *
=========================================================================

Partition Implementation Status
-------------------------------

  No Partitions were found in this design.

-------------------------------

=========================================================================
*                            Final Report                               *
=========================================================================
Final Results
RTL Top Level Output File Name     : trafficLight.ngr
Top Level Output File Name         : trafficLight
Output Format                      : NGC
Optimization Goal                  : Speed
Keep Hierarchy                     : No

Design Statistics
# IOs                              : 17

Cell Usage :
# BELS                             : 219
#      GND                         : 1
#      INV                         : 1
#      LUT1                        : 1
#      LUT2                        : 27
#      LUT2_D                      : 1
#      LUT2_L                      : 4
#      LUT3                        : 46
#      LUT3_D                      : 5
#      LUT3_L                      : 3
#      LUT4                        : 75
#      LUT4_D                      : 25
#      LUT4_L                      : 9
#      MUXCY                       : 17
#      MUXF5                       : 1
#      VCC                         : 1
#      XORCY                       : 2
# FlipFlops/Latches                : 69
#      FD                          : 3
#      FDE                         : 1
#      FDR                         : 64
#      FDS                         : 1
# Clock Buffers                    : 1
#      BUFGP                       : 1
# IO Buffers                       : 16
#      IBUF                        : 1
#      OBUF                        : 15
=========================================================================

Device utilization summary:
---------------------------

Selected Device : 3s100ecp132-5 

 Number of Slices:                      104  out of    960    10%  
 Number of Slice Flip Flops:             69  out of   1920     3%  
 Number of 4 input LUTs:                197  out of   1920    10%  
 Number of IOs:                          17
 Number of bonded IOBs:                  17  out of     83    20%  
 Number of GCLKs:                         1  out of     24     4%  

---------------------------
Partition Resource Summary:
---------------------------

  No Partitions were found in this design.

---------------------------


=========================================================================
TIMING REPORT

NOTE: THESE TIMING NUMBERS ARE ONLY A SYNTHESIS ESTIMATE.
      FOR ACCURATE TIMING INFORMATION PLEASE REFER TO THE TRACE REPORT
      GENERATED AFTER PLACE-and-ROUTE.

Clock Information:
------------------
-----------------------------------+------------------------+-------+
Clock Signal                       | Clock buffer(FF name)  | Load  |
-----------------------------------+------------------------+-------+
clk                                | BUFGP                  | 69    |
-----------------------------------+------------------------+-------+

Asynchronous Control Signals Information:
----------------------------------------
No asynchronous control signals found in this design

Timing Summary:
---------------
Speed Grade: -5

   Minimum period: 9.500ns (Maximum Frequency: 105.262MHz)
   Minimum input arrival time before clock: 4.398ns
   Maximum output required time after clock: 5.910ns
   Maximum combinational path delay: No path found

Timing Detail:
--------------
All values displayed in nanoseconds (ns)

=========================================================================
Timing constraint: Default period analysis for Clock 'clk'
  Clock period: 9.500ns (frequency: 105.262MHz)
  Total number of paths / destination ports: 28177 / 135
-------------------------------------------------------------------------
Delay:               9.500ns (Levels of Logic = 12)
  Source:            timerst/c2/iq_5 (FF)
  Destination:       current_state_0 (FF)
  Source Clock:      clk rising
  Destination Clock: clk rising

  Data Path: timerst/c2/iq_5 to current_state_0
                                Gate     Net
    Cell:in->out      fanout   Delay   Delay  Logical Name (Net Name)
    ----------------------------------------  ------------
     FDR:C->Q              5   0.514   0.690  timerst/c2/iq_5 (timerst/c2/iq_5)
     LUT3:I0->O            2   0.612   0.532  timerst/c1/nextval/blk[6].FA/Mxor_r_xo<0>11_SW0 (N84)
     LUT4_D:I0->LO         1   0.612   0.103  timerst/c1/nextval/blk[14].FA/Mxor_r_xo<0>11 (N159)
     LUT4:I3->O            4   0.612   0.502  timerst/c1/nextval/blk[26].FA/Mxor_r_xo<0>11 (timerst/c1/nextval/N9)
     LUT4:I3->O            1   0.612   0.360  timerst/c1/comparator/r_wg_lut<2>_SW0 (N101)
     LUT4:I3->O            1   0.612   0.000  timerst/c1/comparator/r_wg_lut<2> (timerst/c1/comparator/r_wg_lut<2>)
     MUXCY:S->O            1   0.404   0.000  timerst/c1/comparator/r_wg_cy<2> (timerst/c1/comparator/r_wg_cy<2>)
     MUXCY:CI->O           1   0.052   0.000  timerst/c1/comparator/r_wg_cy<3> (timerst/c1/comparator/r_wg_cy<3>)
     MUXCY:CI->O           1   0.052   0.000  timerst/c1/comparator/r_wg_cy<4> (timerst/c1/comparator/r_wg_cy<4>)
     MUXCY:CI->O           1   0.052   0.000  timerst/c1/comparator/r_wg_cy<5> (timerst/c1/comparator/r_wg_cy<5>)
     MUXCY:CI->O           1   0.052   0.000  timerst/c1/comparator/r_wg_cy<6> (timerst/c1/comparator/r_wg_cy<6>)
     MUXCY:CI->O          35   0.289   1.077  timerst/c1/comparator/r_wg_cy<7> (timer)
     LUT4:I3->O            1   0.612   0.357  next_state<0>_SW0 (N4)
     FDS:S                     0.795          current_state_0
    ----------------------------------------
    Total                      9.500ns (5.879ns logic, 3.621ns route)
                                       (61.9% logic, 38.1% route)

=========================================================================
Timing constraint: Default OFFSET IN BEFORE for Clock 'clk'
  Total number of paths / destination ports: 3 / 3
-------------------------------------------------------------------------
Offset:              4.398ns (Levels of Logic = 3)
  Source:            b (PAD)
  Destination:       current_state_0 (FF)
  Destination Clock: clk rising

  Data Path: b to current_state_0
                                Gate     Net
    Cell:in->out      fanout   Delay   Delay  Logical Name (Net Name)
    ----------------------------------------  ------------
     IBUF:I->O             1   1.106   0.387  b_IBUF (b_IBUF)
     LUT3_D:I2->O          4   0.612   0.529  _old_Breg_11 (_old_Breg_1)
     LUT4:I2->O            1   0.612   0.357  next_state<0>_SW0 (N4)
     FDS:S                     0.795          current_state_0
    ----------------------------------------
    Total                      4.398ns (3.125ns logic, 1.273ns route)
                                       (71.1% logic, 28.9% route)

=========================================================================
Timing constraint: Default OFFSET OUT AFTER for Clock 'clk'
  Total number of paths / destination ports: 31 / 12
-------------------------------------------------------------------------
Offset:              5.910ns (Levels of Logic = 2)
  Source:            current_state_2 (FF)
  Destination:       sseg<5> (PAD)
  Source Clock:      clk rising

  Data Path: current_state_2 to sseg<5>
                                Gate     Net
    Cell:in->out      fanout   Delay   Delay  Logical Name (Net Name)
    ----------------------------------------  ------------
     FD:C->Q              36   0.514   1.077  current_state_2 (current_state_2)
     LUT4:I3->O            5   0.612   0.538  sseg<2>1 (sseg_2_OBUF)
     OBUF:I->O                 3.169          sseg_5_OBUF (sseg<5>)
    ----------------------------------------
    Total                      5.910ns (4.295ns logic, 1.615ns route)
                                       (72.7% logic, 27.3% route)

=========================================================================


Total REAL time to Xst completion: 3.00 secs
Total CPU time to Xst completion: 3.09 secs
 
--> 

Total memory usage is 270720 kilobytes

Number of errors   :    0 (   0 filtered)
Number of warnings :   23 (   0 filtered)
Number of infos    :   13 (   0 filtered)

