Command line:
   bcd_to_7led_bh_isim_beh.exe
     -simmode  gui
     -simrunnum  0
     -socket  59710

Wed Apr 24 17:27:39 2019


 Elaboration Time: 0.046875 sec

 Current Memory Usage: 1001.49 Meg

 Total Signals          : 18
 Total Nets             : 32
 Total Signal Drivers   : 17
 Total Blocks           : 2
 Total Primitive Blocks : 2
 Total Processes        : 19
 Total Traceable Variables  : 29
 Total Scalar Nets and Variables : 123
Total Line Count : 108

 Total Simulation Time: 0.0625 sec

 Current Memory Usage: 371.298 Meg

Wed Apr 24 19:10:54 2019

