Running: D:\CS\14.7\ISE_DS\ISE\bin\nt\unwrapped\fuse.exe -intstyle ise -incremental -lib unisims_ver -lib unimacro_ver -lib xilinxcorelib_ver -o C:/CS/CS120 Labs/Lab2Sprinkler/sprinkler_circuit_sprinkler_circuit_sch_tb_isim_beh.exe -prj C:/CS/CS120 Labs/Lab2Sprinkler/sprinkler_circuit_sprinkler_circuit_sch_tb_beh.prj work.sprinkler_circuit_sprinkler_circuit_sch_tb work.glbl 
ISim P.20131013 (signature 0x8ef4fb42)
Number of CPUs detected in this system: 12
Turning on mult-threading, number of parallel sub-compilation jobs: 24 
Determining compilation order of HDL files
Analyzing Verilog file "C:/CS/CS120 Labs/Lab2Sprinkler/sprinkler_circuit.vf" into library work
Analyzing Verilog file "C:/CS/CS120 Labs/Lab2Sprinkler/sprinkler_circuit_tb.v" into library work
Analyzing Verilog file "D:/CS/14.7/ISE_DS/ISE//verilog/src/glbl.v" into library work
Starting static elaboration
Completed static elaboration
Fuse Memory Usage: 181664 KB
Fuse CPU Usage: 218 ms
Compiling module AND4
Compiling module INV
Compiling module sprinkler_circuit
Compiling module sprinkler_circuit_sprinkler_circ...
Compiling module glbl
Time Resolution for simulation is 1ps.
Compiled 5 Verilog Units
Built simulation executable C:/CS/CS120 Labs/Lab2Sprinkler/sprinkler_circuit_sprinkler_circuit_sch_tb_isim_beh.exe
Fuse Memory Usage: 187352 KB
Fuse CPU Usage: 281 ms
